<?xml version="1.0" encoding="UTF-8" ?>
<testsuite errors="24" failures="0" hostname="Otto" name="expressivo.grader.ExpressivoTest" skipped="0" tests="152" time="1.85" timestamp="2019-01-10T08:35:14">
  <properties>
    <property name="java.vendor" value="Oracle Corporation" />
    <property name="sun.java.launcher" value="SUN_STANDARD" />
    <property name="sun.management.compiler" value="HotSpot 64-Bit Tiered Compilers" />
    <property name="build.sysclasspath" value="ignore" />
    <property name="os.name" value="Windows 7" />
    <property name="sun.boot.class.path" value="C:\Program Files\Java\jdk1.8.0_102\jre\lib\resources.jar;C:\Program Files\Java\jdk1.8.0_102\jre\lib\rt.jar;C:\Program Files\Java\jdk1.8.0_102\jre\lib\sunrsasign.jar;C:\Program Files\Java\jdk1.8.0_102\jre\lib\jsse.jar;C:\Program Files\Java\jdk1.8.0_102\jre\lib\jce.jar;C:\Program Files\Java\jdk1.8.0_102\jre\lib\charsets.jar;C:\Program Files\Java\jdk1.8.0_102\jre\lib\jfr.jar;C:\Program Files\Java\jdk1.8.0_102\jre\classes" />
    <property name="sun.desktop" value="windows" />
    <property name="final.grading" value="true" />
    <property name="java.vm.specification.vendor" value="Oracle Corporation" />
    <property name="ant.home" value="C:\Program Files\JetBrains\IntelliJ IDEA Community Edition 2018.3\lib\ant" />
    <property name="java.runtime.version" value="1.8.0_102-b14" />
    <property name="user.name" value="Haplo" />
    <property name="ant.build.javac.target" value="1.8" />
    <property name="user.language" value="en" />
    <property name="sun.boot.library.path" value="C:\Program Files\Java\jdk1.8.0_102\jre\bin" />
    <property name="grader.report.file" value="my-grader-report.xml" />
    <property name="ant.project.default-target" value="all" />
    <property name="java.version" value="1.8.0_102" />
    <property name="user.timezone" value="" />
    <property name="sun.arch.data.model" value="64" />
    <property name="java.endorsed.dirs" value="C:\Program Files\Java\jdk1.8.0_102\jre\lib\endorsed" />
    <property name="sun.cpu.isalist" value="amd64" />
    <property name="sun.jnu.encoding" value="Cp1252" />
    <property name="file.encoding.pkg" value="sun.io" />
    <property name="file.separator" value="\" />
    <property name="java.specification.name" value="Java Platform API Specification" />
    <property name="java.class.version" value="52.0" />
    <property name="user.country" value="US" />
    <property name="java.home" value="C:\Program Files\Java\jdk1.8.0_102\jre" />
    <property name="java.vm.info" value="mixed mode" />
    <property name="ant.file" value="I:\Users\Haplo\Documents\GitHub\MIT\6.005\problem_sets\edx\ps1_expressivo\grader.xml" />
    <property name="os.version" value="6.1" />
    <property name="final.grader.jar" value="ps1-final-grader.jar" />
    <property name="path.separator" value=";" />
    <property name="java.vm.version" value="25.102-b14" />
    <property name="user.variant" value="" />
    <property name="ant.library.dir" value="C:\Program Files\JetBrains\IntelliJ IDEA Community Edition 2018.3\lib\ant\lib" />
    <property name="java.awt.printerjob" value="sun.awt.windows.WPrinterJob" />
    <property name="sun.io.unicode.encoding" value="UnicodeLittle" />
    <property name="awt.toolkit" value="sun.awt.windows.WToolkit" />
    <property name="user.script" value="" />
    <property name="user.home" value="C:\Users\Haplo" />
    <property name="java.specification.vendor" value="Oracle Corporation" />
    <property name="which.tests.ran" value="BETA + FINAL" />
    <property name="java.library.path" value="C:\Program Files\Java\jdk1.8.0_102\jre\bin;C:\Windows\Sun\Java\bin;C:\Windows\system32;C:\Windows;C:\Program Files (x86)\Python37-32\Scripts\;C:\Program Files (x86)\Python37-32\;C:\Program Files (x86)\Common Files\Oracle\Java\javapath;C:\Program Files\ImageMagick-7.0.7-Q16;C:\RailsInstaller\Ruby2.3.0\bin;C:\Ruby24-x64\bin;C:\Program Files (x86)\NVIDIA Corporation\PhysX\Common;C:\ProgramData\Oracle\Java\javapath;C:\Windows\system32;C:\Windows;C:\Windows\System32\Wbem;C:\Windows\System32\WindowsPowerShell\v1.0\;C:\Program Files (x86)\ATI Technologies\ATI.ACE\Core-Static;C:\Program Files (x86)\AMD\ATI.ACE\Core-Static;I:\Program Files\Calibre2\;C:\Program Files (x86)\PuTTY\;C:\Program Files\WorldPainter;C:\Program Files (x86)\PDFtk\bin\;C:\Program Files\WIDCOMM\Bluetooth Software\;C:\Program Files\WIDCOMM\Bluetooth Software\syswow64;C:\curl;C:\Program Files (x86)\GtkSharp\2.12\bin;C:\Program Files\nodejs\;C:\Program Files (x86)\Gpg4win\..\GnuPG\bin;C:\Program Files\Git\cmd;I:\Users\Haplo\adb-fastboot\platform-tools;C:\Users\Haplo\AppData\Local\Programs\Python\Python37\Scripts\;C:\Users\Haplo\AppData\Local\Programs\Python\Python37\;C:\Users\Haplo\AppData\Local\Programs\Python\Python36\Scripts\;C:\Users\Haplo\AppData\Local\Programs\Python\Python36\;C:\Users\Haplo\AppData\Local\Programs\Python\Python35\Scripts\;C:\Users\Haplo\AppData\Local\Programs\Python\Python35\;C:\Users\Haplo\AppData\Local\Programs\Python\Python35-32\Scripts\;C:\Users\Haplo\AppData\Local\Programs\Python\Python35-32\;C:\Users\Haplo\AppData\Roaming\npm;C:\Program Files\Heroku\bin;." />
    <property name="java.vendor.url" value="http://java.oracle.com/" />
    <property name="java.vm.vendor" value="Oracle Corporation" />
    <property name="java.runtime.name" value="Java(TM) SE Runtime Environment" />
    <property name="beta.grader.jar" value="ps1-beta-grader.jar" />
    <property name="sun.java.command" value="org.apache.tools.ant.taskdefs.optional.junit.JUnitTestRunner expressivo.grader.ExpressivoTest skipNonTests=false filtertrace=true haltOnError=false haltOnFailure=false showoutput=false outputtoformatters=true logfailedtests=true threadid=0 logtestlistenerevents=false formatter=org.apache.tools.ant.taskdefs.optional.junit.XMLJUnitResultFormatter,I:\Users\Haplo\Documents\GitHub\MIT\6.005\problem_sets\edx\ps1_expressivo\.grader\TEST-expressivo.grader.ExpressivoTest.xml crashfile=I:\Users\Haplo\Documents\GitHub\MIT\6.005\problem_sets\edx\ps1_expressivo\.grader\junitvmwatcher6534233718559414832.properties propsfile=I:\Users\Haplo\Documents\GitHub\MIT\6.005\problem_sets\edx\ps1_expressivo\.grader\junit2180960467581208033.properties" />
    <property name="java.class.path" value="I:\Users\Haplo\Documents\GitHub\MIT\6.005\problem_sets\edx\ps1_expressivo\lib\junit-4.12.jar;I:\Users\Haplo\Documents\GitHub\MIT\6.005\problem_sets\edx\ps1_expressivo\lib\hamcrest-core-1.3.jar;I:\Users\Haplo\Documents\GitHub\MIT\6.005\problem_sets\edx\ps1_expressivo\lib\parserlib.jar;I:\Users\Haplo\Documents\GitHub\MIT\6.005\problem_sets\edx\ps1_expressivo\lib\opentest4j-1.1.1.jar;I:\Users\Haplo\Documents\GitHub\MIT\6.005\problem_sets\edx\ps1_expressivo\lib\junit-platform-commons-1.4.0-M1.jar;I:\Users\Haplo\Documents\GitHub\MIT\6.005\problem_sets\edx\ps1_expressivo\lib\junit-jupiter-api-5.4.0-M1.jar;I:\Users\Haplo\Documents\GitHub\MIT\6.005\problem_sets\edx\ps1_expressivo\lib\apiguardian-api-1.0.0.jar;I:\Users\Haplo\Documents\GitHub\MIT\6.005\problem_sets\edx\ps1_expressivo\.grader\bin-tests-final;I:\Users\Haplo\Documents\GitHub\MIT\6.005\problem_sets\edx\ps1_expressivo\.grader\bin-student;C:\Program Files\JetBrains\IntelliJ IDEA Community Edition 2018.3\lib\ant\lib\ant-launcher.jar;C:\Program Files\JetBrains\IntelliJ IDEA Community Edition 2018.3\lib\ant\lib\ant.jar;C:\Program Files\JetBrains\IntelliJ IDEA Community Edition 2018.3\lib\ant\lib\ant-junit.jar;C:\Program Files\JetBrains\IntelliJ IDEA Community Edition 2018.3\lib\ant\lib\ant-junit4.jar" />
    <property name="ant.version" value="Apache Ant(TM) version 1.9.4 compiled on April 29 2014" />
    <property name="project.name" value="ps1-expressivo" />
    <property name="java.vm.specification.name" value="Java Virtual Machine Specification" />
    <property name="ant.file.type" value="file" />
    <property name="java.vm.specification.version" value="1.8" />
    <property name="sun.cpu.endian" value="little" />
    <property name="didit.desc" value="Running our tests against your implementation" />
    <property name="sun.os.patch.level" value="Service Pack 1" />
    <property name="java.io.tmpdir" value="C:\Users\Haplo\AppData\Local\Temp\" />
    <property name="java.vendor.url.bug" value="http://bugreport.sun.com/bugreport/" />
    <property name="os.arch" value="amd64" />
    <property name="java.awt.graphicsenv" value="sun.awt.Win32GraphicsEnvironment" />
    <property name="java.ext.dirs" value="C:\Program Files\Java\jdk1.8.0_102\jre\lib\ext;C:\Windows\Sun\Java\lib\ext" />
    <property name="user.dir" value="I:\Users\Haplo\Documents\GitHub\MIT\6.005\problem_sets\edx\ps1_expressivo" />
    <property name="line.separator" value="&#xd;&#xa;" />
    <property name="zipfile" value="my-submission.zip" />
    <property name="java.vm.name" value="Java HotSpot(TM) 64-Bit Server VM" />
    <property name="problem.set" value="ps1" />
    <property name="basedir" value="I:\Users\Haplo\Documents\GitHub\MIT\6.005\problem_sets\edx\ps1_expressivo" />
    <property name="ant.java.version" value="1.8" />
    <property name="ant.core.lib" value="C:\Program Files\JetBrains\IntelliJ IDEA Community Edition 2018.3\lib\ant\lib\ant.jar" />
    <property name="file.encoding" value="Cp1252" />
    <property name="java.specification.version" value="1.8" />
    <property name="grader.dir" value=".grader" />
    <property name="ant.project.invoked-targets" value="all" />
  </properties>
  <testcase classname="expressivo.grader.ExpressivoTest" name="testDifferentiate_dx[zero]" time="0.095" />
  <testcase classname="expressivo.grader.ExpressivoTest" name="testDifferentiate_dy[zero]" time="0.021" />
  <testcase classname="expressivo.grader.ExpressivoTest" name="testParse[zero]" time="0.03" />
  <testcase classname="expressivo.grader.ExpressivoTest" name="testSimplify_xyz[zero]" time="0.009" />
  <testcase classname="expressivo.grader.ExpressivoTest" name="testDifferentiate_dx[nonzero integer]" time="0.013" />
  <testcase classname="expressivo.grader.ExpressivoTest" name="testDifferentiate_dy[nonzero integer]" time="0.013" />
  <testcase classname="expressivo.grader.ExpressivoTest" name="testParse[nonzero integer]" time="0.03" />
  <testcase classname="expressivo.grader.ExpressivoTest" name="testSimplify_xyz[nonzero integer]" time="0.011" />
  <testcase classname="expressivo.grader.ExpressivoTest" name="testDifferentiate_dx[decimal-fraction &lt; 1]" time="0.011" />
  <testcase classname="expressivo.grader.ExpressivoTest" name="testDifferentiate_dy[decimal-fraction &lt; 1]" time="0.012" />
  <testcase classname="expressivo.grader.ExpressivoTest" name="testParse[decimal-fraction &lt; 1]" time="0.011" />
  <testcase classname="expressivo.grader.ExpressivoTest" name="testSimplify_xyz[decimal-fraction &lt; 1]" time="0.013" />
  <testcase classname="expressivo.grader.ExpressivoTest" name="testDifferentiate_dx[decimal-fraction &gt; 1]" time="0.014" />
  <testcase classname="expressivo.grader.ExpressivoTest" name="testDifferentiate_dy[decimal-fraction &gt; 1]" time="0.012" />
  <testcase classname="expressivo.grader.ExpressivoTest" name="testParse[decimal-fraction &gt; 1]" time="0.029" />
  <testcase classname="expressivo.grader.ExpressivoTest" name="testSimplify_xyz[decimal-fraction &gt; 1]" time="0.007" />
  <testcase classname="expressivo.grader.ExpressivoTest" name="testDifferentiate_dx[trailing zeros]" time="0.008" />
  <testcase classname="expressivo.grader.ExpressivoTest" name="testDifferentiate_dy[trailing zeros]" time="0.008" />
  <testcase classname="expressivo.grader.ExpressivoTest" name="testParse[trailing zeros]" time="0.009" />
  <testcase classname="expressivo.grader.ExpressivoTest" name="testSimplify_xyz[trailing zeros]" time="0.009" />
  <testcase classname="expressivo.grader.ExpressivoTest" name="testDifferentiate_dx[no leading zero]" time="0.007" />
  <testcase classname="expressivo.grader.ExpressivoTest" name="testDifferentiate_dy[no leading zero]" time="0.022" />
  <testcase classname="expressivo.grader.ExpressivoTest" name="testParse[no leading zero]" time="0.007" />
  <testcase classname="expressivo.grader.ExpressivoTest" name="testSimplify_xyz[no leading zero]" time="0.008" />
  <testcase classname="expressivo.grader.ExpressivoTest" name="testDifferentiate_dx[decimal-fraction very small]" time="0.008" />
  <testcase classname="expressivo.grader.ExpressivoTest" name="testDifferentiate_dy[decimal-fraction very small]" time="0.009" />
  <testcase classname="expressivo.grader.ExpressivoTest" name="testParse[decimal-fraction very small]" time="0.015">
    <error message="invalid Expression.toString (staff parser could not parse)" type="java.lang.RuntimeException">java.lang.RuntimeException: invalid Expression.toString (staff parser could not parse)
	at expressivo.grader.ExpressivoTest.testParse(ExpressivoTest.java:100)
Caused by: expressivo.staff.SyntaxError: Character 3: expected end_of_input, got E in expression &quot;1.0E-6&quot;
	at expressivo.staff.Parser.parse(Parser.java:23)
	at expressivo.staff.Parser.parse(Parser.java:13)
	at expressivo.grader.ExpressivoTest.testParse(ExpressivoTest.java:98)
Caused by: expressivo.staff.SyntaxError: Character 3: expected end_of_input, got E
	at expressivo.staff.Parser.eat(Parser.java:129)
	at expressivo.staff.Parser.parse(Parser.java:48)
	at expressivo.staff.Parser.parse(Parser.java:21)
</error>
  </testcase>
  <testcase classname="expressivo.grader.ExpressivoTest" name="testSimplify_xyz[decimal-fraction very small]" time="0.008">
    <error message="invalid simplified expression (staff parser could not parse)" type="java.lang.RuntimeException">java.lang.RuntimeException: invalid simplified expression (staff parser could not parse)
	at expressivo.grader.ExpressivoTest.testSimplify_xyz(ExpressivoTest.java:159)
Caused by: expressivo.staff.SyntaxError: Character 3: expected end_of_input, got E in expression &quot;1.0E-6&quot;
	at expressivo.staff.Parser.parse(Parser.java:23)
	at expressivo.staff.Parser.parse(Parser.java:13)
	at expressivo.grader.ExpressivoTest.testSimplify_xyz(ExpressivoTest.java:157)
Caused by: expressivo.staff.SyntaxError: Character 3: expected end_of_input, got E
	at expressivo.staff.Parser.eat(Parser.java:129)
	at expressivo.staff.Parser.parse(Parser.java:48)
	at expressivo.staff.Parser.parse(Parser.java:21)
</error>
  </testcase>
  <testcase classname="expressivo.grader.ExpressivoTest" name="testDifferentiate_dx[integer very large]" time="0.008">
    <error message="error calling differentiate()" type="java.lang.RuntimeException">java.lang.RuntimeException: error calling differentiate()
	at expressivo.grader.ExpressivoTest.testDifferentiate_dx(ExpressivoTest.java:113)
Caused by: java.lang.NumberFormatException: For input string: &quot;9007199254740992&quot;
	at java.lang.NumberFormatException.forInputString(NumberFormatException.java:65)
	at java.lang.Integer.parseInt(Integer.java:583)
	at java.lang.Integer.valueOf(Integer.java:766)
	at expressivo.Number.&lt;init&gt;(Number.java:30)
	at expressivo.Expression.buildAST(Expression.java:147)
	at expressivo.Expression.buildAST(Expression.java:156)
	at expressivo.Expression.buildAST(Expression.java:205)
	at expressivo.Expression.buildAST(Expression.java:180)
	at expressivo.Expression.buildAST(Expression.java:224)
	at expressivo.Expression.parse(Expression.java:134)
	at expressivo.Commands.differentiate(Commands.java:24)
	at expressivo.grader.ExpressivoTest.testDifferentiate_dx(ExpressivoTest.java:111)
</error>
  </testcase>
  <testcase classname="expressivo.grader.ExpressivoTest" name="testDifferentiate_dy[integer very large]" time="0.011">
    <error message="error calling differentiate()" type="java.lang.RuntimeException">java.lang.RuntimeException: error calling differentiate()
	at expressivo.grader.ExpressivoTest.testDifferentiate_dy(ExpressivoTest.java:131)
Caused by: java.lang.NumberFormatException: For input string: &quot;9007199254740992&quot;
	at java.lang.NumberFormatException.forInputString(NumberFormatException.java:65)
	at java.lang.Integer.parseInt(Integer.java:583)
	at java.lang.Integer.valueOf(Integer.java:766)
	at expressivo.Number.&lt;init&gt;(Number.java:30)
	at expressivo.Expression.buildAST(Expression.java:147)
	at expressivo.Expression.buildAST(Expression.java:156)
	at expressivo.Expression.buildAST(Expression.java:205)
	at expressivo.Expression.buildAST(Expression.java:180)
	at expressivo.Expression.buildAST(Expression.java:224)
	at expressivo.Expression.parse(Expression.java:134)
	at expressivo.Commands.differentiate(Commands.java:24)
	at expressivo.grader.ExpressivoTest.testDifferentiate_dy(ExpressivoTest.java:129)
</error>
  </testcase>
  <testcase classname="expressivo.grader.ExpressivoTest" name="testParse[integer very large]" time="0.015">
    <error message="error calling parse()" type="java.lang.RuntimeException">java.lang.RuntimeException: error calling parse()
	at expressivo.grader.ExpressivoTest.testParse(ExpressivoTest.java:95)
Caused by: java.lang.NumberFormatException: For input string: &quot;9007199254740992&quot;
	at java.lang.NumberFormatException.forInputString(NumberFormatException.java:65)
	at java.lang.Integer.parseInt(Integer.java:583)
	at java.lang.Integer.valueOf(Integer.java:766)
	at expressivo.Number.&lt;init&gt;(Number.java:30)
	at expressivo.Expression.buildAST(Expression.java:147)
	at expressivo.Expression.buildAST(Expression.java:156)
	at expressivo.Expression.buildAST(Expression.java:205)
	at expressivo.Expression.buildAST(Expression.java:180)
	at expressivo.Expression.buildAST(Expression.java:224)
	at expressivo.Expression.parse(Expression.java:134)
	at expressivo.grader.ExpressivoTest.testParse(ExpressivoTest.java:93)
</error>
  </testcase>
  <testcase classname="expressivo.grader.ExpressivoTest" name="testSimplify_xyz[integer very large]" time="0.012">
    <error message="error calling simplify()" type="java.lang.RuntimeException">java.lang.RuntimeException: error calling simplify()
	at expressivo.grader.ExpressivoTest.testSimplify_xyz(ExpressivoTest.java:154)
Caused by: java.lang.NumberFormatException: For input string: &quot;9007199254740992&quot;
	at java.lang.NumberFormatException.forInputString(NumberFormatException.java:65)
	at java.lang.Integer.parseInt(Integer.java:583)
	at java.lang.Integer.valueOf(Integer.java:766)
	at expressivo.Number.&lt;init&gt;(Number.java:30)
	at expressivo.Expression.buildAST(Expression.java:147)
	at expressivo.Expression.buildAST(Expression.java:156)
	at expressivo.Expression.buildAST(Expression.java:205)
	at expressivo.Expression.buildAST(Expression.java:180)
	at expressivo.Expression.buildAST(Expression.java:224)
	at expressivo.Expression.parse(Expression.java:134)
	at expressivo.Commands.simplify(Commands.java:42)
	at expressivo.grader.ExpressivoTest.testSimplify_xyz(ExpressivoTest.java:152)
</error>
  </testcase>
  <testcase classname="expressivo.grader.ExpressivoTest" name="testDifferentiate_dx[x]" time="0.012" />
  <testcase classname="expressivo.grader.ExpressivoTest" name="testDifferentiate_dy[x]" time="0.012" />
  <testcase classname="expressivo.grader.ExpressivoTest" name="testParse[x]" time="0.013" />
  <testcase classname="expressivo.grader.ExpressivoTest" name="testSimplify_xyz[x]" time="0.011" />
  <testcase classname="expressivo.grader.ExpressivoTest" name="testDifferentiate_dx[y]" time="0.017" />
  <testcase classname="expressivo.grader.ExpressivoTest" name="testDifferentiate_dy[y]" time="0.011" />
  <testcase classname="expressivo.grader.ExpressivoTest" name="testParse[y]" time="0.008" />
  <testcase classname="expressivo.grader.ExpressivoTest" name="testSimplify_xyz[y]" time="0.007" />
  <testcase classname="expressivo.grader.ExpressivoTest" name="testDifferentiate_dx[other variable]" time="0.006" />
  <testcase classname="expressivo.grader.ExpressivoTest" name="testDifferentiate_dy[other variable]" time="0.005" />
  <testcase classname="expressivo.grader.ExpressivoTest" name="testParse[other variable]" time="0.006" />
  <testcase classname="expressivo.grader.ExpressivoTest" name="testSimplify_xyz[other variable]" time="0.008" />
  <testcase classname="expressivo.grader.ExpressivoTest" name="testDifferentiate_dx[variable with parens]" time="0.005" />
  <testcase classname="expressivo.grader.ExpressivoTest" name="testDifferentiate_dy[variable with parens]" time="0.006" />
  <testcase classname="expressivo.grader.ExpressivoTest" name="testParse[variable with parens]" time="0.006" />
  <testcase classname="expressivo.grader.ExpressivoTest" name="testSimplify_xyz[variable with parens]" time="0.006" />
  <testcase classname="expressivo.grader.ExpressivoTest" name="testDifferentiate_dx[variable with extra parens]" time="0.006" />
  <testcase classname="expressivo.grader.ExpressivoTest" name="testDifferentiate_dy[variable with extra parens]" time="0.006" />
  <testcase classname="expressivo.grader.ExpressivoTest" name="testParse[variable with extra parens]" time="0.005" />
  <testcase classname="expressivo.grader.ExpressivoTest" name="testSimplify_xyz[variable with extra parens]" time="0.006" />
  <testcase classname="expressivo.grader.ExpressivoTest" name="testDifferentiate_dx[add]" time="0.014" />
  <testcase classname="expressivo.grader.ExpressivoTest" name="testDifferentiate_dy[add]" time="0.011" />
  <testcase classname="expressivo.grader.ExpressivoTest" name="testParse[add]" time="0.011">
    <error message="invalid Expression.toString (staff parser could not parse)" type="java.lang.RuntimeException">java.lang.RuntimeException: invalid Expression.toString (staff parser could not parse)
	at expressivo.grader.ExpressivoTest.testParse(ExpressivoTest.java:100)
Caused by: expressivo.staff.SyntaxError: Character 1: expected end_of_input, got x in expression &quot;2x&quot;
	at expressivo.staff.Parser.parse(Parser.java:23)
	at expressivo.staff.Parser.parse(Parser.java:13)
	at expressivo.grader.ExpressivoTest.testParse(ExpressivoTest.java:98)
Caused by: expressivo.staff.SyntaxError: Character 1: expected end_of_input, got x
	at expressivo.staff.Parser.eat(Parser.java:129)
	at expressivo.staff.Parser.parse(Parser.java:48)
	at expressivo.staff.Parser.parse(Parser.java:21)
</error>
  </testcase>
  <testcase classname="expressivo.grader.ExpressivoTest" name="testSimplify_xyz[add]" time="0.012" />
  <testcase classname="expressivo.grader.ExpressivoTest" name="testDifferentiate_dx[add with extra parens]" time="0.014" />
  <testcase classname="expressivo.grader.ExpressivoTest" name="testDifferentiate_dy[add with extra parens]" time="0.014" />
  <testcase classname="expressivo.grader.ExpressivoTest" name="testParse[add with extra parens]" time="0.016">
    <error message="invalid Expression.toString (staff parser could not parse)" type="java.lang.RuntimeException">java.lang.RuntimeException: invalid Expression.toString (staff parser could not parse)
	at expressivo.grader.ExpressivoTest.testParse(ExpressivoTest.java:100)
Caused by: expressivo.staff.SyntaxError: Character 1: expected end_of_input, got x in expression &quot;2x&quot;
	at expressivo.staff.Parser.parse(Parser.java:23)
	at expressivo.staff.Parser.parse(Parser.java:13)
	at expressivo.grader.ExpressivoTest.testParse(ExpressivoTest.java:98)
Caused by: expressivo.staff.SyntaxError: Character 1: expected end_of_input, got x
	at expressivo.staff.Parser.eat(Parser.java:129)
	at expressivo.staff.Parser.parse(Parser.java:48)
	at expressivo.staff.Parser.parse(Parser.java:21)
</error>
  </testcase>
  <testcase classname="expressivo.grader.ExpressivoTest" name="testSimplify_xyz[add with extra parens]" time="0.021" />
  <testcase classname="expressivo.grader.ExpressivoTest" name="testDifferentiate_dx[times]" time="0.023">
    <error message="invalid derivative expression (staff parser could not parse)" type="java.lang.RuntimeException">java.lang.RuntimeException: invalid derivative expression (staff parser could not parse)
	at expressivo.grader.ExpressivoTest.testDifferentiate_dx(ExpressivoTest.java:118)
Caused by: expressivo.staff.SyntaxError: Character 1: expected end_of_input, got x in expression &quot;2x&quot;
	at expressivo.staff.Parser.parse(Parser.java:23)
	at expressivo.staff.Parser.parse(Parser.java:13)
	at expressivo.grader.ExpressivoTest.testDifferentiate_dx(ExpressivoTest.java:116)
Caused by: expressivo.staff.SyntaxError: Character 1: expected end_of_input, got x
	at expressivo.staff.Parser.eat(Parser.java:129)
	at expressivo.staff.Parser.parse(Parser.java:48)
	at expressivo.staff.Parser.parse(Parser.java:21)
</error>
  </testcase>
  <testcase classname="expressivo.grader.ExpressivoTest" name="testDifferentiate_dy[times]" time="0.024" />
  <testcase classname="expressivo.grader.ExpressivoTest" name="testParse[times]" time="0.018">
    <error message="invalid Expression.toString (staff parser could not parse)" type="java.lang.RuntimeException">java.lang.RuntimeException: invalid Expression.toString (staff parser could not parse)
	at expressivo.grader.ExpressivoTest.testParse(ExpressivoTest.java:100)
Caused by: expressivo.staff.SyntaxError: Unrecognized character at position 2 in expression &quot;x^2&quot;
	at expressivo.staff.Parser.parse(Parser.java:23)
	at expressivo.staff.Parser.parse(Parser.java:13)
	at expressivo.grader.ExpressivoTest.testParse(ExpressivoTest.java:98)
Caused by: expressivo.staff.BadCharacterError: Unrecognized character at position 2
	at expressivo.staff.Lexer.next(Lexer.java:223)
	at expressivo.staff.Parser.next(Parser.java:135)
	at expressivo.staff.Parser.eatVar(Parser.java:110)
	at expressivo.staff.Parser.unary(Parser.java:93)
	at expressivo.staff.Parser.factor(Parser.java:88)
	at expressivo.staff.Parser.term(Parser.java:71)
	at expressivo.staff.Parser.polynomial(Parser.java:53)
	at expressivo.staff.Parser.parse(Parser.java:47)
	at expressivo.staff.Parser.parse(Parser.java:21)
</error>
  </testcase>
  <testcase classname="expressivo.grader.ExpressivoTest" name="testSimplify_xyz[times]" time="0.018" />
  <testcase classname="expressivo.grader.ExpressivoTest" name="testDifferentiate_dx[times with extra parens]" time="0.018">
    <error message="invalid derivative expression (staff parser could not parse)" type="java.lang.RuntimeException">java.lang.RuntimeException: invalid derivative expression (staff parser could not parse)
	at expressivo.grader.ExpressivoTest.testDifferentiate_dx(ExpressivoTest.java:118)
Caused by: expressivo.staff.SyntaxError: Character 1: expected end_of_input, got x in expression &quot;2x&quot;
	at expressivo.staff.Parser.parse(Parser.java:23)
	at expressivo.staff.Parser.parse(Parser.java:13)
	at expressivo.grader.ExpressivoTest.testDifferentiate_dx(ExpressivoTest.java:116)
Caused by: expressivo.staff.SyntaxError: Character 1: expected end_of_input, got x
	at expressivo.staff.Parser.eat(Parser.java:129)
	at expressivo.staff.Parser.parse(Parser.java:48)
	at expressivo.staff.Parser.parse(Parser.java:21)
</error>
  </testcase>
  <testcase classname="expressivo.grader.ExpressivoTest" name="testDifferentiate_dy[times with extra parens]" time="0.019" />
  <testcase classname="expressivo.grader.ExpressivoTest" name="testParse[times with extra parens]" time="0.018">
    <error message="invalid Expression.toString (staff parser could not parse)" type="java.lang.RuntimeException">java.lang.RuntimeException: invalid Expression.toString (staff parser could not parse)
	at expressivo.grader.ExpressivoTest.testParse(ExpressivoTest.java:100)
Caused by: expressivo.staff.SyntaxError: Unrecognized character at position 2 in expression &quot;x^2&quot;
	at expressivo.staff.Parser.parse(Parser.java:23)
	at expressivo.staff.Parser.parse(Parser.java:13)
	at expressivo.grader.ExpressivoTest.testParse(ExpressivoTest.java:98)
Caused by: expressivo.staff.BadCharacterError: Unrecognized character at position 2
	at expressivo.staff.Lexer.next(Lexer.java:223)
	at expressivo.staff.Parser.next(Parser.java:135)
	at expressivo.staff.Parser.eatVar(Parser.java:110)
	at expressivo.staff.Parser.unary(Parser.java:93)
	at expressivo.staff.Parser.factor(Parser.java:88)
	at expressivo.staff.Parser.term(Parser.java:71)
	at expressivo.staff.Parser.polynomial(Parser.java:53)
	at expressivo.staff.Parser.parse(Parser.java:47)
	at expressivo.staff.Parser.parse(Parser.java:21)
</error>
  </testcase>
  <testcase classname="expressivo.grader.ExpressivoTest" name="testSimplify_xyz[times with extra parens]" time="0.012" />
  <testcase classname="expressivo.grader.ExpressivoTest" name="testDifferentiate_dx[* ( * )]" time="0.012">
    <error message="invalid derivative expression (staff parser could not parse)" type="java.lang.RuntimeException">java.lang.RuntimeException: invalid derivative expression (staff parser could not parse)
	at expressivo.grader.ExpressivoTest.testDifferentiate_dx(ExpressivoTest.java:118)
Caused by: expressivo.staff.SyntaxError: Character 7: expected right_parenthesis, got x in expression &quot;((x * 2x) + (x^2 * 1))&quot;
	at expressivo.staff.Parser.parse(Parser.java:23)
	at expressivo.staff.Parser.parse(Parser.java:13)
	at expressivo.grader.ExpressivoTest.testDifferentiate_dx(ExpressivoTest.java:116)
Caused by: expressivo.staff.SyntaxError: Character 7: expected right_parenthesis, got x
	at expressivo.staff.Parser.eat(Parser.java:129)
	at expressivo.staff.Parser.factor(Parser.java:85)
	at expressivo.staff.Parser.term(Parser.java:71)
	at expressivo.staff.Parser.polynomial(Parser.java:53)
	at expressivo.staff.Parser.factor(Parser.java:84)
	at expressivo.staff.Parser.term(Parser.java:71)
	at expressivo.staff.Parser.polynomial(Parser.java:53)
	at expressivo.staff.Parser.parse(Parser.java:47)
	at expressivo.staff.Parser.parse(Parser.java:21)
</error>
  </testcase>
  <testcase classname="expressivo.grader.ExpressivoTest" name="testDifferentiate_dy[* ( * )]" time="0.01" />
  <testcase classname="expressivo.grader.ExpressivoTest" name="testParse[* ( * )]" time="0.012">
    <error message="invalid Expression.toString (staff parser could not parse)" type="java.lang.RuntimeException">java.lang.RuntimeException: invalid Expression.toString (staff parser could not parse)
	at expressivo.grader.ExpressivoTest.testParse(ExpressivoTest.java:100)
Caused by: expressivo.staff.SyntaxError: Unrecognized character at position 7 in expression &quot;(x * x^2)&quot;
	at expressivo.staff.Parser.parse(Parser.java:23)
	at expressivo.staff.Parser.parse(Parser.java:13)
	at expressivo.grader.ExpressivoTest.testParse(ExpressivoTest.java:98)
Caused by: expressivo.staff.BadCharacterError: Unrecognized character at position 7
	at expressivo.staff.Lexer.next(Lexer.java:223)
	at expressivo.staff.Parser.next(Parser.java:135)
	at expressivo.staff.Parser.eatVar(Parser.java:110)
	at expressivo.staff.Parser.unary(Parser.java:93)
	at expressivo.staff.Parser.factor(Parser.java:88)
	at expressivo.staff.Parser.term(Parser.java:75)
	at expressivo.staff.Parser.polynomial(Parser.java:53)
	at expressivo.staff.Parser.factor(Parser.java:84)
	at expressivo.staff.Parser.term(Parser.java:71)
	at expressivo.staff.Parser.polynomial(Parser.java:53)
	at expressivo.staff.Parser.parse(Parser.java:47)
	at expressivo.staff.Parser.parse(Parser.java:21)
</error>
  </testcase>
  <testcase classname="expressivo.grader.ExpressivoTest" name="testSimplify_xyz[* ( * )]" time="0.011" />
  <testcase classname="expressivo.grader.ExpressivoTest" name="testDifferentiate_dx[( * ) *]" time="0.011">
    <error message="invalid derivative expression (staff parser could not parse)" type="java.lang.RuntimeException">java.lang.RuntimeException: invalid derivative expression (staff parser could not parse)
	at expressivo.grader.ExpressivoTest.testDifferentiate_dx(ExpressivoTest.java:118)
Caused by: expressivo.staff.SyntaxError: Unrecognized character at position 4 in expression &quot;((x^2 * 1) + (x * 2x))&quot;
	at expressivo.staff.Parser.parse(Parser.java:23)
	at expressivo.staff.Parser.parse(Parser.java:13)
	at expressivo.grader.ExpressivoTest.testDifferentiate_dx(ExpressivoTest.java:116)
Caused by: expressivo.staff.BadCharacterError: Unrecognized character at position 4
	at expressivo.staff.Lexer.next(Lexer.java:223)
	at expressivo.staff.Parser.next(Parser.java:135)
	at expressivo.staff.Parser.eatVar(Parser.java:110)
	at expressivo.staff.Parser.unary(Parser.java:93)
	at expressivo.staff.Parser.factor(Parser.java:88)
	at expressivo.staff.Parser.term(Parser.java:71)
	at expressivo.staff.Parser.polynomial(Parser.java:53)
	at expressivo.staff.Parser.factor(Parser.java:84)
	at expressivo.staff.Parser.term(Parser.java:71)
	at expressivo.staff.Parser.polynomial(Parser.java:53)
	at expressivo.staff.Parser.factor(Parser.java:84)
	at expressivo.staff.Parser.term(Parser.java:71)
	at expressivo.staff.Parser.polynomial(Parser.java:53)
	at expressivo.staff.Parser.parse(Parser.java:47)
	at expressivo.staff.Parser.parse(Parser.java:21)
</error>
  </testcase>
  <testcase classname="expressivo.grader.ExpressivoTest" name="testDifferentiate_dy[( * ) *]" time="0.01" />
  <testcase classname="expressivo.grader.ExpressivoTest" name="testParse[( * ) *]" time="0.011">
    <error message="invalid Expression.toString (staff parser could not parse)" type="java.lang.RuntimeException">java.lang.RuntimeException: invalid Expression.toString (staff parser could not parse)
	at expressivo.grader.ExpressivoTest.testParse(ExpressivoTest.java:100)
Caused by: expressivo.staff.SyntaxError: Unrecognized character at position 3 in expression &quot;(x^2 * x)&quot;
	at expressivo.staff.Parser.parse(Parser.java:23)
	at expressivo.staff.Parser.parse(Parser.java:13)
	at expressivo.grader.ExpressivoTest.testParse(ExpressivoTest.java:98)
Caused by: expressivo.staff.BadCharacterError: Unrecognized character at position 3
	at expressivo.staff.Lexer.next(Lexer.java:223)
	at expressivo.staff.Parser.next(Parser.java:135)
	at expressivo.staff.Parser.eatVar(Parser.java:110)
	at expressivo.staff.Parser.unary(Parser.java:93)
	at expressivo.staff.Parser.factor(Parser.java:88)
	at expressivo.staff.Parser.term(Parser.java:71)
	at expressivo.staff.Parser.polynomial(Parser.java:53)
	at expressivo.staff.Parser.factor(Parser.java:84)
	at expressivo.staff.Parser.term(Parser.java:71)
	at expressivo.staff.Parser.polynomial(Parser.java:53)
	at expressivo.staff.Parser.parse(Parser.java:47)
	at expressivo.staff.Parser.parse(Parser.java:21)
</error>
  </testcase>
  <testcase classname="expressivo.grader.ExpressivoTest" name="testSimplify_xyz[( * ) *]" time="0.01" />
  <testcase classname="expressivo.grader.ExpressivoTest" name="testDifferentiate_dx[( * ) * ( * )]" time="0.016">
    <error message="invalid derivative expression (staff parser could not parse)" type="java.lang.RuntimeException">java.lang.RuntimeException: invalid derivative expression (staff parser could not parse)
	at expressivo.grader.ExpressivoTest.testDifferentiate_dx(ExpressivoTest.java:118)
Caused by: expressivo.staff.SyntaxError: Unrecognized character at position 3 in expression &quot;(y^2 * 2x)&quot;
	at expressivo.staff.Parser.parse(Parser.java:23)
	at expressivo.staff.Parser.parse(Parser.java:13)
	at expressivo.grader.ExpressivoTest.testDifferentiate_dx(ExpressivoTest.java:116)
Caused by: expressivo.staff.BadCharacterError: Unrecognized character at position 3
	at expressivo.staff.Lexer.next(Lexer.java:223)
	at expressivo.staff.Parser.next(Parser.java:135)
	at expressivo.staff.Parser.eatVar(Parser.java:110)
	at expressivo.staff.Parser.unary(Parser.java:93)
	at expressivo.staff.Parser.factor(Parser.java:88)
	at expressivo.staff.Parser.term(Parser.java:71)
	at expressivo.staff.Parser.polynomial(Parser.java:53)
	at expressivo.staff.Parser.factor(Parser.java:84)
	at expressivo.staff.Parser.term(Parser.java:71)
	at expressivo.staff.Parser.polynomial(Parser.java:53)
	at expressivo.staff.Parser.parse(Parser.java:47)
	at expressivo.staff.Parser.parse(Parser.java:21)
</error>
  </testcase>
  <testcase classname="expressivo.grader.ExpressivoTest" name="testDifferentiate_dy[( * ) * ( * )]" time="0.016">
    <error message="invalid derivative expression (staff parser could not parse)" type="java.lang.RuntimeException">java.lang.RuntimeException: invalid derivative expression (staff parser could not parse)
	at expressivo.grader.ExpressivoTest.testDifferentiate_dy(ExpressivoTest.java:136)
Caused by: expressivo.staff.SyntaxError: Unrecognized character at position 3 in expression &quot;(x^2 * 2y)&quot;
	at expressivo.staff.Parser.parse(Parser.java:23)
	at expressivo.staff.Parser.parse(Parser.java:13)
	at expressivo.grader.ExpressivoTest.testDifferentiate_dy(ExpressivoTest.java:134)
Caused by: expressivo.staff.BadCharacterError: Unrecognized character at position 3
	at expressivo.staff.Lexer.next(Lexer.java:223)
	at expressivo.staff.Parser.next(Parser.java:135)
	at expressivo.staff.Parser.eatVar(Parser.java:110)
	at expressivo.staff.Parser.unary(Parser.java:93)
	at expressivo.staff.Parser.factor(Parser.java:88)
	at expressivo.staff.Parser.term(Parser.java:71)
	at expressivo.staff.Parser.polynomial(Parser.java:53)
	at expressivo.staff.Parser.factor(Parser.java:84)
	at expressivo.staff.Parser.term(Parser.java:71)
	at expressivo.staff.Parser.polynomial(Parser.java:53)
	at expressivo.staff.Parser.parse(Parser.java:47)
	at expressivo.staff.Parser.parse(Parser.java:21)
</error>
  </testcase>
  <testcase classname="expressivo.grader.ExpressivoTest" name="testParse[( * ) * ( * )]" time="0.017">
    <error message="invalid Expression.toString (staff parser could not parse)" type="java.lang.RuntimeException">java.lang.RuntimeException: invalid Expression.toString (staff parser could not parse)
	at expressivo.grader.ExpressivoTest.testParse(ExpressivoTest.java:100)
Caused by: expressivo.staff.SyntaxError: Unrecognized character at position 3 in expression &quot;(x^2 * y^2)&quot;
	at expressivo.staff.Parser.parse(Parser.java:23)
	at expressivo.staff.Parser.parse(Parser.java:13)
	at expressivo.grader.ExpressivoTest.testParse(ExpressivoTest.java:98)
Caused by: expressivo.staff.BadCharacterError: Unrecognized character at position 3
	at expressivo.staff.Lexer.next(Lexer.java:223)
	at expressivo.staff.Parser.next(Parser.java:135)
	at expressivo.staff.Parser.eatVar(Parser.java:110)
	at expressivo.staff.Parser.unary(Parser.java:93)
	at expressivo.staff.Parser.factor(Parser.java:88)
	at expressivo.staff.Parser.term(Parser.java:71)
	at expressivo.staff.Parser.polynomial(Parser.java:53)
	at expressivo.staff.Parser.factor(Parser.java:84)
	at expressivo.staff.Parser.term(Parser.java:71)
	at expressivo.staff.Parser.polynomial(Parser.java:53)
	at expressivo.staff.Parser.parse(Parser.java:47)
	at expressivo.staff.Parser.parse(Parser.java:21)
</error>
  </testcase>
  <testcase classname="expressivo.grader.ExpressivoTest" name="testSimplify_xyz[( * ) * ( * )]" time="0.016" />
  <testcase classname="expressivo.grader.ExpressivoTest" name="testDifferentiate_dx[* * * * *]" time="0.011">
    <error message="invalid derivative expression (staff parser could not parse)" type="java.lang.RuntimeException">java.lang.RuntimeException: invalid derivative expression (staff parser could not parse)
	at expressivo.grader.ExpressivoTest.testDifferentiate_dx(ExpressivoTest.java:118)
Caused by: expressivo.staff.SyntaxError: Unrecognized character at position 8 in expression &quot;((((((x^2 * y) * y) * z) * z) * 1) + (x * (z * (z * (y * (y * 2x))))))&quot;
	at expressivo.staff.Parser.parse(Parser.java:23)
	at expressivo.staff.Parser.parse(Parser.java:13)
	at expressivo.grader.ExpressivoTest.testDifferentiate_dx(ExpressivoTest.java:116)
Caused by: expressivo.staff.BadCharacterError: Unrecognized character at position 8
	at expressivo.staff.Lexer.next(Lexer.java:223)
	at expressivo.staff.Parser.next(Parser.java:135)
	at expressivo.staff.Parser.eatVar(Parser.java:110)
	at expressivo.staff.Parser.unary(Parser.java:93)
	at expressivo.staff.Parser.factor(Parser.java:88)
	at expressivo.staff.Parser.term(Parser.java:71)
	at expressivo.staff.Parser.polynomial(Parser.java:53)
	at expressivo.staff.Parser.factor(Parser.java:84)
	at expressivo.staff.Parser.term(Parser.java:71)
	at expressivo.staff.Parser.polynomial(Parser.java:53)
	at expressivo.staff.Parser.factor(Parser.java:84)
	at expressivo.staff.Parser.term(Parser.java:71)
	at expressivo.staff.Parser.polynomial(Parser.java:53)
	at expressivo.staff.Parser.factor(Parser.java:84)
	at expressivo.staff.Parser.term(Parser.java:71)
	at expressivo.staff.Parser.polynomial(Parser.java:53)
	at expressivo.staff.Parser.factor(Parser.java:84)
	at expressivo.staff.Parser.term(Parser.java:71)
	at expressivo.staff.Parser.polynomial(Parser.java:53)
	at expressivo.staff.Parser.factor(Parser.java:84)
	at expressivo.staff.Parser.term(Parser.java:71)
	at expressivo.staff.Parser.polynomial(Parser.java:53)
	at expressivo.staff.Parser.factor(Parser.java:84)
	at expressivo.staff.Parser.term(Parser.java:71)
	at expressivo.staff.Parser.polynomial(Parser.java:53)
	at expressivo.staff.Parser.parse(Parser.java:47)
	at expressivo.staff.Parser.parse(Parser.java:21)
</error>
  </testcase>
  <testcase classname="expressivo.grader.ExpressivoTest" name="testDifferentiate_dy[* * * * *]" time="0.011">
    <error message="invalid derivative expression (staff parser could not parse)" type="java.lang.RuntimeException">java.lang.RuntimeException: invalid derivative expression (staff parser could not parse)
	at expressivo.grader.ExpressivoTest.testDifferentiate_dy(ExpressivoTest.java:136)
Caused by: expressivo.staff.SyntaxError: Unrecognized character at position 20 in expression &quot;(x * (z * (z * (((x^2 * y) * 1) + (y * (x^2 * 1))))))&quot;
	at expressivo.staff.Parser.parse(Parser.java:23)
	at expressivo.staff.Parser.parse(Parser.java:13)
	at expressivo.grader.ExpressivoTest.testDifferentiate_dy(ExpressivoTest.java:134)
Caused by: expressivo.staff.BadCharacterError: Unrecognized character at position 20
	at expressivo.staff.Lexer.next(Lexer.java:223)
	at expressivo.staff.Parser.next(Parser.java:135)
	at expressivo.staff.Parser.eatVar(Parser.java:110)
	at expressivo.staff.Parser.unary(Parser.java:93)
	at expressivo.staff.Parser.factor(Parser.java:88)
	at expressivo.staff.Parser.term(Parser.java:71)
	at expressivo.staff.Parser.polynomial(Parser.java:53)
	at expressivo.staff.Parser.factor(Parser.java:84)
	at expressivo.staff.Parser.term(Parser.java:71)
	at expressivo.staff.Parser.polynomial(Parser.java:53)
	at expressivo.staff.Parser.factor(Parser.java:84)
	at expressivo.staff.Parser.term(Parser.java:71)
	at expressivo.staff.Parser.polynomial(Parser.java:53)
	at expressivo.staff.Parser.factor(Parser.java:84)
	at expressivo.staff.Parser.term(Parser.java:75)
	at expressivo.staff.Parser.polynomial(Parser.java:53)
	at expressivo.staff.Parser.factor(Parser.java:84)
	at expressivo.staff.Parser.term(Parser.java:75)
	at expressivo.staff.Parser.polynomial(Parser.java:53)
	at expressivo.staff.Parser.factor(Parser.java:84)
	at expressivo.staff.Parser.term(Parser.java:75)
	at expressivo.staff.Parser.polynomial(Parser.java:53)
	at expressivo.staff.Parser.factor(Parser.java:84)
	at expressivo.staff.Parser.term(Parser.java:71)
	at expressivo.staff.Parser.polynomial(Parser.java:53)
	at expressivo.staff.Parser.parse(Parser.java:47)
	at expressivo.staff.Parser.parse(Parser.java:21)
</error>
  </testcase>
  <testcase classname="expressivo.grader.ExpressivoTest" name="testParse[* * * * *]" time="0.011">
    <error message="invalid Expression.toString (staff parser could not parse)" type="java.lang.RuntimeException">java.lang.RuntimeException: invalid Expression.toString (staff parser could not parse)
	at expressivo.grader.ExpressivoTest.testParse(ExpressivoTest.java:100)
Caused by: expressivo.staff.SyntaxError: Unrecognized character at position 7 in expression &quot;(((((x^2 * y) * y) * z) * z) * x)&quot;
	at expressivo.staff.Parser.parse(Parser.java:23)
	at expressivo.staff.Parser.parse(Parser.java:13)
	at expressivo.grader.ExpressivoTest.testParse(ExpressivoTest.java:98)
Caused by: expressivo.staff.BadCharacterError: Unrecognized character at position 7
	at expressivo.staff.Lexer.next(Lexer.java:223)
	at expressivo.staff.Parser.next(Parser.java:135)
	at expressivo.staff.Parser.eatVar(Parser.java:110)
	at expressivo.staff.Parser.unary(Parser.java:93)
	at expressivo.staff.Parser.factor(Parser.java:88)
	at expressivo.staff.Parser.term(Parser.java:71)
	at expressivo.staff.Parser.polynomial(Parser.java:53)
	at expressivo.staff.Parser.factor(Parser.java:84)
	at expressivo.staff.Parser.term(Parser.java:71)
	at expressivo.staff.Parser.polynomial(Parser.java:53)
	at expressivo.staff.Parser.factor(Parser.java:84)
	at expressivo.staff.Parser.term(Parser.java:71)
	at expressivo.staff.Parser.polynomial(Parser.java:53)
	at expressivo.staff.Parser.factor(Parser.java:84)
	at expressivo.staff.Parser.term(Parser.java:71)
	at expressivo.staff.Parser.polynomial(Parser.java:53)
	at expressivo.staff.Parser.factor(Parser.java:84)
	at expressivo.staff.Parser.term(Parser.java:71)
	at expressivo.staff.Parser.polynomial(Parser.java:53)
	at expressivo.staff.Parser.factor(Parser.java:84)
	at expressivo.staff.Parser.term(Parser.java:71)
	at expressivo.staff.Parser.polynomial(Parser.java:53)
	at expressivo.staff.Parser.parse(Parser.java:47)
	at expressivo.staff.Parser.parse(Parser.java:21)
</error>
  </testcase>
  <testcase classname="expressivo.grader.ExpressivoTest" name="testSimplify_xyz[* * * * *]" time="0.01" />
  <testcase classname="expressivo.grader.ExpressivoTest" name="testDifferentiate_dx[integers add]" time="0.005" />
  <testcase classname="expressivo.grader.ExpressivoTest" name="testDifferentiate_dy[integers add]" time="0.005" />
  <testcase classname="expressivo.grader.ExpressivoTest" name="testParse[integers add]" time="0.006" />
  <testcase classname="expressivo.grader.ExpressivoTest" name="testSimplify_xyz[integers add]" time="0.006" />
  <testcase classname="expressivo.grader.ExpressivoTest" name="testDifferentiate_dx[integers times]" time="0.005" />
  <testcase classname="expressivo.grader.ExpressivoTest" name="testDifferentiate_dy[integers times]" time="0.006" />
  <testcase classname="expressivo.grader.ExpressivoTest" name="testParse[integers times]" time="0.005" />
  <testcase classname="expressivo.grader.ExpressivoTest" name="testSimplify_xyz[integers times]" time="0.006" />
  <testcase classname="expressivo.grader.ExpressivoTest" name="testDifferentiate_dx[integers with various ops]" time="0.001" />
  <testcase classname="expressivo.grader.ExpressivoTest" name="testDifferentiate_dy[integers with various ops]" time="0.0" />
  <testcase classname="expressivo.grader.ExpressivoTest" name="testParse[integers with various ops]" time="0.006" />
  <testcase classname="expressivo.grader.ExpressivoTest" name="testSimplify_xyz[integers with various ops]" time="0.006" />
  <testcase classname="expressivo.grader.ExpressivoTest" name="testDifferentiate_dx[decimal-fractions add]" time="0.006" />
  <testcase classname="expressivo.grader.ExpressivoTest" name="testDifferentiate_dy[decimal-fractions add]" time="0.006" />
  <testcase classname="expressivo.grader.ExpressivoTest" name="testParse[decimal-fractions add]" time="0.006" />
  <testcase classname="expressivo.grader.ExpressivoTest" name="testSimplify_xyz[decimal-fractions add]" time="0.005" />
  <testcase classname="expressivo.grader.ExpressivoTest" name="testDifferentiate_dx[decimal-fractions times]" time="0.005" />
  <testcase classname="expressivo.grader.ExpressivoTest" name="testDifferentiate_dy[decimal-fractions times]" time="0.005" />
  <testcase classname="expressivo.grader.ExpressivoTest" name="testParse[decimal-fractions times]" time="0.005" />
  <testcase classname="expressivo.grader.ExpressivoTest" name="testSimplify_xyz[decimal-fractions times]" time="0.005" />
  <testcase classname="expressivo.grader.ExpressivoTest" name="testDifferentiate_dx[decimal-fractions with various ops]" time="0.006" />
  <testcase classname="expressivo.grader.ExpressivoTest" name="testDifferentiate_dy[decimal-fractions with various ops]" time="0.006" />
  <testcase classname="expressivo.grader.ExpressivoTest" name="testParse[decimal-fractions with various ops]" time="0.008" />
  <testcase classname="expressivo.grader.ExpressivoTest" name="testSimplify_xyz[decimal-fractions with various ops]" time="0.009" />
  <testcase classname="expressivo.grader.ExpressivoTest" name="testDifferentiate_dx[decimal-fractions integers add]" time="0.008" />
  <testcase classname="expressivo.grader.ExpressivoTest" name="testDifferentiate_dy[decimal-fractions integers add]" time="0.009" />
  <testcase classname="expressivo.grader.ExpressivoTest" name="testParse[decimal-fractions integers add]" time="0.009" />
  <testcase classname="expressivo.grader.ExpressivoTest" name="testSimplify_xyz[decimal-fractions integers add]" time="0.009" />
  <testcase classname="expressivo.grader.ExpressivoTest" name="testDifferentiate_dx[decimal-fractions integers times]" time="0.009" />
  <testcase classname="expressivo.grader.ExpressivoTest" name="testDifferentiate_dy[decimal-fractions integers times]" time="0.008" />
  <testcase classname="expressivo.grader.ExpressivoTest" name="testParse[decimal-fractions integers times]" time="0.009" />
  <testcase classname="expressivo.grader.ExpressivoTest" name="testSimplify_xyz[decimal-fractions integers times]" time="0.012" />
  <testcase classname="expressivo.grader.ExpressivoTest" name="testDifferentiate_dx[decimal-fractions integers with various ops]" time="0.0" />
  <testcase classname="expressivo.grader.ExpressivoTest" name="testDifferentiate_dy[decimal-fractions integers with various ops]" time="0.0" />
  <testcase classname="expressivo.grader.ExpressivoTest" name="testParse[decimal-fractions integers with various ops]" time="0.013" />
  <testcase classname="expressivo.grader.ExpressivoTest" name="testSimplify_xyz[decimal-fractions integers with various ops]" time="0.013" />
  <testcase classname="expressivo.grader.ExpressivoTest" name="testDifferentiate_dx[various variable names]" time="0.011" />
  <testcase classname="expressivo.grader.ExpressivoTest" name="testDifferentiate_dy[various variable names]" time="0.011" />
  <testcase classname="expressivo.grader.ExpressivoTest" name="testParse[various variable names]" time="0.011" />
  <testcase classname="expressivo.grader.ExpressivoTest" name="testSimplify_xyz[various variable names]" time="0.011" />
  <testcase classname="expressivo.grader.ExpressivoTest" name="testDifferentiate_dx[nested left]" time="0.0" />
  <testcase classname="expressivo.grader.ExpressivoTest" name="testDifferentiate_dy[nested left]" time="0.0" />
  <testcase classname="expressivo.grader.ExpressivoTest" name="testParse[nested left]" time="0.042" />
  <testcase classname="expressivo.grader.ExpressivoTest" name="testSimplify_xyz[nested left]" time="0.042" />
  <testcase classname="expressivo.grader.ExpressivoTest" name="testDifferentiate_dx[nested center]" time="0.0" />
  <testcase classname="expressivo.grader.ExpressivoTest" name="testDifferentiate_dy[nested center]" time="0.0" />
  <testcase classname="expressivo.grader.ExpressivoTest" name="testParse[nested center]" time="0.02" />
  <testcase classname="expressivo.grader.ExpressivoTest" name="testSimplify_xyz[nested center]" time="0.02" />
  <testcase classname="expressivo.grader.ExpressivoTest" name="testDifferentiate_dx[nested right]" time="0.0" />
  <testcase classname="expressivo.grader.ExpressivoTest" name="testDifferentiate_dy[nested right]" time="0.0" />
  <testcase classname="expressivo.grader.ExpressivoTest" name="testParse[nested right]" time="0.023" />
  <testcase classname="expressivo.grader.ExpressivoTest" name="testSimplify_xyz[nested right]" time="0.01" />
  <testcase classname="expressivo.grader.ExpressivoTest" name="testDifferentiate_dx[nested balanced]" time="0.0" />
  <testcase classname="expressivo.grader.ExpressivoTest" name="testDifferentiate_dy[nested balanced]" time="0.0" />
  <testcase classname="expressivo.grader.ExpressivoTest" name="testParse[nested balanced]" time="0.007" />
  <testcase classname="expressivo.grader.ExpressivoTest" name="testSimplify_xyz[nested balanced]" time="0.007" />
  <testcase classname="expressivo.grader.ExpressivoTest" name="testDifferentiate_dx[polynomial in x/y/z]" time="0.0" />
  <testcase classname="expressivo.grader.ExpressivoTest" name="testDifferentiate_dy[polynomial in x/y/z]" time="0.0" />
  <testcase classname="expressivo.grader.ExpressivoTest" name="testParse[polynomial in x/y/z]" time="0.011">
    <error message="invalid Expression.toString (staff parser could not parse)" type="java.lang.RuntimeException">java.lang.RuntimeException: invalid Expression.toString (staff parser could not parse)
	at expressivo.grader.ExpressivoTest.testParse(ExpressivoTest.java:100)
Caused by: expressivo.staff.SyntaxError: Unrecognized character at position 32 in expression &quot;((((x * y) * (x + z)) + x) * (x^2 + (y * z)))&quot;
	at expressivo.staff.Parser.parse(Parser.java:23)
	at expressivo.staff.Parser.parse(Parser.java:13)
	at expressivo.grader.ExpressivoTest.testParse(ExpressivoTest.java:98)
Caused by: expressivo.staff.BadCharacterError: Unrecognized character at position 32
	at expressivo.staff.Lexer.next(Lexer.java:223)
	at expressivo.staff.Parser.next(Parser.java:135)
	at expressivo.staff.Parser.eatVar(Parser.java:110)
	at expressivo.staff.Parser.unary(Parser.java:93)
	at expressivo.staff.Parser.factor(Parser.java:88)
	at expressivo.staff.Parser.term(Parser.java:71)
	at expressivo.staff.Parser.polynomial(Parser.java:53)
	at expressivo.staff.Parser.factor(Parser.java:84)
	at expressivo.staff.Parser.term(Parser.java:75)
	at expressivo.staff.Parser.polynomial(Parser.java:53)
	at expressivo.staff.Parser.factor(Parser.java:84)
	at expressivo.staff.Parser.term(Parser.java:71)
	at expressivo.staff.Parser.polynomial(Parser.java:53)
	at expressivo.staff.Parser.parse(Parser.java:47)
	at expressivo.staff.Parser.parse(Parser.java:21)
</error>
  </testcase>
  <testcase classname="expressivo.grader.ExpressivoTest" name="testSimplify_xyz[polynomial in x/y/z]" time="0.011" />
  <testcase classname="expressivo.grader.ExpressivoTest" name="testDifferentiate_dx[polynomial in x/y/z with extra parens]" time="0.0" />
  <testcase classname="expressivo.grader.ExpressivoTest" name="testDifferentiate_dy[polynomial in x/y/z with extra parens]" time="0.0" />
  <testcase classname="expressivo.grader.ExpressivoTest" name="testParse[polynomial in x/y/z with extra parens]" time="0.015">
    <error message="invalid Expression.toString (staff parser could not parse)" type="java.lang.RuntimeException">java.lang.RuntimeException: invalid Expression.toString (staff parser could not parse)
	at expressivo.grader.ExpressivoTest.testParse(ExpressivoTest.java:100)
Caused by: expressivo.staff.SyntaxError: Unrecognized character at position 32 in expression &quot;((((x * y) * (x + z)) + x) * (x^2 + (y * z)))&quot;
	at expressivo.staff.Parser.parse(Parser.java:23)
	at expressivo.staff.Parser.parse(Parser.java:13)
	at expressivo.grader.ExpressivoTest.testParse(ExpressivoTest.java:98)
Caused by: expressivo.staff.BadCharacterError: Unrecognized character at position 32
	at expressivo.staff.Lexer.next(Lexer.java:223)
	at expressivo.staff.Parser.next(Parser.java:135)
	at expressivo.staff.Parser.eatVar(Parser.java:110)
	at expressivo.staff.Parser.unary(Parser.java:93)
	at expressivo.staff.Parser.factor(Parser.java:88)
	at expressivo.staff.Parser.term(Parser.java:71)
	at expressivo.staff.Parser.polynomial(Parser.java:53)
	at expressivo.staff.Parser.factor(Parser.java:84)
	at expressivo.staff.Parser.term(Parser.java:75)
	at expressivo.staff.Parser.polynomial(Parser.java:53)
	at expressivo.staff.Parser.factor(Parser.java:84)
	at expressivo.staff.Parser.term(Parser.java:71)
	at expressivo.staff.Parser.polynomial(Parser.java:53)
	at expressivo.staff.Parser.parse(Parser.java:47)
	at expressivo.staff.Parser.parse(Parser.java:21)
</error>
  </testcase>
  <testcase classname="expressivo.grader.ExpressivoTest" name="testSimplify_xyz[polynomial in x/y/z with extra parens]" time="0.014" />
  <testcase classname="expressivo.grader.ExpressivoTest" name="testDifferentiate_dx[polynomial in x/y/z and various other variables]" time="0.0" />
  <testcase classname="expressivo.grader.ExpressivoTest" name="testDifferentiate_dy[polynomial in x/y/z and various other variables]" time="0.0" />
  <testcase classname="expressivo.grader.ExpressivoTest" name="testParse[polynomial in x/y/z and various other variables]" time="0.009" />
  <testcase classname="expressivo.grader.ExpressivoTest" name="testSimplify_xyz[polynomial in x/y/z and various other variables]" time="0.01" />
  <system-out><![CDATA[]]></system-out>
  <system-err><![CDATA[]]></system-err>
</testsuite>
